[     5.274] 
X.Org X Server 1.21.1.3
X Protocol Version 11, Revision 0
[     5.275] Current Operating System: Linux arch 5.18.5-arch1-1 #1 SMP PREEMPT_DYNAMIC Thu, 16 Jun 2022 20:40:45 +0000 x86_64
[     5.275] Kernel command line: BOOT_IMAGE=/boot/vmlinuz-linux root=UUID=cd76444c-3ea9-436c-9c5a-45aaa6a095c9 rw loglevel=3 quiet
[     5.276]  
[     5.276] Current version of pixman: 0.40.0
[     5.277] 	Before reporting problems, check http://wiki.x.org
	to make sure that you have the latest version.
[     5.277] Markers: (--) probed, (**) from config file, (==) default setting,
	(++) from command line, (!!) notice, (II) informational,
	(WW) warning, (EE) error, (NI) not implemented, (??) unknown.
[     5.279] (==) Log file: "/home/xdrd/.local/share/xorg/Xorg.0.log", Time: Thu Jun 23 10:19:58 2022
[     5.280] (==) Using system config directory "/usr/share/X11/xorg.conf.d"
[     5.280] (==) No Layout section.  Using the first Screen section.
[     5.280] (==) No screen section available. Using defaults.
[     5.280] (**) |-->Screen "Default Screen Section" (0)
[     5.280] (**) |   |-->Monitor "<default monitor>"
[     5.281] (==) No monitor specified for screen "Default Screen Section".
	Using a default monitor configuration.
[     5.281] (==) Automatically adding devices
[     5.281] (==) Automatically enabling devices
[     5.281] (==) Automatically adding GPU devices
[     5.281] (==) Automatically binding GPU devices
[     5.281] (==) Max clients allowed: 256, resource mask: 0x1fffff
[     5.281] (WW) The directory "/usr/share/fonts/misc" does not exist.
[     5.281] 	Entry deleted from font path.
[     5.281] (WW) The directory "/usr/share/fonts/TTF" does not exist.
[     5.281] 	Entry deleted from font path.
[     5.281] (WW) The directory "/usr/share/fonts/OTF" does not exist.
[     5.281] 	Entry deleted from font path.
[     5.281] (WW) The directory "/usr/share/fonts/Type1" does not exist.
[     5.281] 	Entry deleted from font path.
[     5.281] (WW) The directory "/usr/share/fonts/100dpi" does not exist.
[     5.281] 	Entry deleted from font path.
[     5.281] (WW) The directory "/usr/share/fonts/75dpi" does not exist.
[     5.281] 	Entry deleted from font path.
[     5.281] (==) FontPath set to:
	
[     5.281] (==) ModulePath set to "/usr/lib/xorg/modules"
[     5.281] (II) The server relies on udev to provide the list of input devices.
	If no devices become available, reconfigure udev or disable AutoAddDevices.
[     5.281] (II) Module ABI versions:
[     5.281] 	X.Org ANSI C Emulation: 0.4
[     5.281] 	X.Org Video Driver: 25.2
[     5.281] 	X.Org XInput driver : 24.4
[     5.281] 	X.Org Server Extension : 10.0
[     5.282] (++) using VT number 1

[     5.283] (II) systemd-logind: took control of session /org/freedesktop/login1/session/_31
[     5.284] (II) xfree86: Adding drm device (/dev/dri/card0)
[     5.284] (II) Platform probe for /sys/devices/pci0000:00/0000:00:01.0/virtio0/drm/card0
[     5.284] (II) systemd-logind: got fd for /dev/dri/card0 226:0 fd 13 paused 0
[     5.289] (--) PCI:*(0@0:1:0) 1af4:1050:1af4:1100 rev 1, Mem @ 0xc0000000/8388608, 0x800500000/16384, 0xc2053000/4096, BIOS @ 0x????????/131072
[     5.289] (WW) Open ACPI failed (/var/run/acpid.socket) (No such file or directory)
[     5.289] (II) LoadModule: "glx"
[     5.289] (II) Loading /usr/lib/xorg/modules/extensions/libglx.so
[     5.292] (II) Module glx: vendor="X.Org Foundation"
[     5.292] 	compiled for 1.21.1.3, module version = 1.0.0
[     5.292] 	ABI class: X.Org Server Extension, version 10.0
[     5.292] (==) Matched modesetting as autoconfigured driver 0
[     5.292] (==) Matched fbdev as autoconfigured driver 1
[     5.292] (==) Matched vesa as autoconfigured driver 2
[     5.292] (==) Assigned the driver to the xf86ConfigLayout
[     5.292] (II) LoadModule: "modesetting"
[     5.292] (II) Loading /usr/lib/xorg/modules/drivers/modesetting_drv.so
[     5.293] (II) Module modesetting: vendor="X.Org Foundation"
[     5.293] 	compiled for 1.21.1.3, module version = 1.21.1
[     5.293] 	Module class: X.Org Video Driver
[     5.293] 	ABI class: X.Org Video Driver, version 25.2
[     5.293] (II) LoadModule: "fbdev"
[     5.293] (WW) Warning, couldn't open module fbdev
[     5.293] (EE) Failed to load module "fbdev" (module does not exist, 0)
[     5.293] (II) LoadModule: "vesa"
[     5.293] (WW) Warning, couldn't open module vesa
[     5.293] (EE) Failed to load module "vesa" (module does not exist, 0)
[     5.293] (II) modesetting: Driver for Modesetting Kernel Drivers: kms
[     5.293] (II) modeset(0): using drv /dev/dri/card0
[     5.293] (WW) VGA arbiter: cannot open kernel arbiter, no multi-card support
[     5.293] (II) modeset(0): Creating default Display subsection in Screen section
	"Default Screen Section" for depth/fbbpp 24/32
[     5.293] (==) modeset(0): Depth 24, (==) framebuffer bpp 32
[     5.293] (==) modeset(0): RGB weight 888
[     5.293] (==) modeset(0): Default visual is TrueColor
[     5.293] (II) Loading sub module "glamoregl"
[     5.293] (II) LoadModule: "glamoregl"
[     5.293] (II) Loading /usr/lib/xorg/modules/libglamoregl.so
[     5.297] (II) Module glamoregl: vendor="X.Org Foundation"
[     5.297] 	compiled for 1.21.1.3, module version = 1.0.1
[     5.297] 	ABI class: X.Org ANSI C Emulation, version 0.4
[     5.380] (II) modeset(0): Refusing to try glamor on llvmpipe
[     5.381] (II) modeset(0): glamor initialization failed
[     5.381] (II) modeset(0): ShadowFB: preferred NO, enabled NO
[     5.381] (II) modeset(0): Output Virtual-1 has no monitor section
[     5.382] (II) modeset(0): EDID for output Virtual-1
[     5.382] (II) modeset(0): Manufacturer: RHT  Model: 1234  Serial#: 0
[     5.382] (II) modeset(0): Year: 2014  Week: 42
[     5.382] (II) modeset(0): EDID Version: 1.4
[     5.382] (II) modeset(0): Digital Display Input
[     5.382] (II) modeset(0): 8 bits per channel
[     5.382] (II) modeset(0): Digital interface is DisplayPort
[     5.382] (II) modeset(0): Max Image Size [cm]: horiz.: 32  vert.: 20
[     5.382] (II) modeset(0): Gamma: 2.20
[     5.382] (II) modeset(0): No DPMS capabilities specified
[     5.382] (II) modeset(0): Supported color encodings: RGB 4:4:4 
[     5.382] (II) modeset(0): Default color space is primary color space
[     5.382] (II) modeset(0): First detailed timing is preferred mode
[     5.382] (II) modeset(0): Preferred mode is native pixel format and refresh rate
[     5.382] (II) modeset(0): redX: 0.640 redY: 0.330   greenX: 0.300 greenY: 0.600
[     5.382] (II) modeset(0): blueX: 0.150 blueY: 0.060   whiteX: 0.312 whiteY: 0.329
[     5.382] (II) modeset(0): Supported established timings:
[     5.382] (II) modeset(0): 640x480@60Hz
[     5.382] (II) modeset(0): 800x600@60Hz
[     5.382] (II) modeset(0): 1024x768@60Hz
[     5.382] (II) modeset(0): Manufacturer's mask: 0
[     5.382] (II) modeset(0): Supported standard timings:
[     5.382] (II) modeset(0): #0: hsize: 2048  vsize 1152  refresh: 60  vid: 49377
[     5.382] (II) modeset(0): #1: hsize: 1920  vsize 1080  refresh: 60  vid: 49361
[     5.382] (II) modeset(0): #2: hsize: 1920  vsize 1200  refresh: 60  vid: 209
[     5.382] (II) modeset(0): #3: hsize: 1600  vsize 1200  refresh: 60  vid: 16553
[     5.382] (II) modeset(0): #4: hsize: 1680  vsize 1050  refresh: 60  vid: 179
[     5.382] (II) modeset(0): #5: hsize: 1440  vsize 900  refresh: 60  vid: 149
[     5.382] (II) modeset(0): #6: hsize: 1280  vsize 1024  refresh: 60  vid: 32897
[     5.382] (II) modeset(0): #7: hsize: 1280  vsize 960  refresh: 60  vid: 16513
[     5.382] (II) modeset(0): Supported detailed timing:
[     5.382] (II) modeset(0): clock: 107.3 MHz   Image Size:  325 x 203 mm
[     5.382] (II) modeset(0): h_active: 1280  h_sync: 1600  h_sync_end 1638 h_blank_end 1728 h_border: 0
[     5.382] (II) modeset(0): v_active: 800  v_sync: 804  v_sync_end 808 v_blanking: 828 v_border: 0
[     5.382] (II) modeset(0): Established timings III: (not decoded)
[     5.382] (II) modeset(0): Ranges: V min: 50 V max: 125 Hz, H min: 30 H max: 160 kHz,
[     5.382] (II) modeset(0): Monitor name: QEMU Monitor
[     5.382] (II) modeset(0): Number of EDID sections to follow: 1
[     5.382] (II) modeset(0): EDID (in hex):
[     5.382] (II) modeset(0): 	00ffffffffffff004914341200000000
[     5.382] (II) modeset(0): 	2a180104a520147806ee91a3544c9926
[     5.382] (II) modeset(0): 	0f5054210800e1c0d1c0d100a940b300
[     5.382] (II) modeset(0): 	950081808140ea2900c051201c304026
[     5.382] (II) modeset(0): 	444045cb10000018000000f7000a0040
[     5.382] (II) modeset(0): 	82002820000000000000000000fd0032
[     5.382] (II) modeset(0): 	7d1ea0ff010a202020202020000000fc
[     5.382] (II) modeset(0): 	0051454d55204d6f6e69746f720a013a
[     5.382] (II) modeset(0): 	02030b00467d6560591f610000001000
[     5.382] (II) modeset(0): 	00000000000000000000000000000000
[     5.382] (II) modeset(0): 	10000000000000000000000000000000
[     5.382] (II) modeset(0): 	00001000000000000000000000000000
[     5.382] (II) modeset(0): 	00000000100000000000000000000000
[     5.382] (II) modeset(0): 	00000000000010000000000000000000
[     5.382] (II) modeset(0): 	00000000000000001000000000000000
[     5.382] (II) modeset(0): 	0000000000000000000000000000002f
[     5.382] (II) modeset(0): Printing probed modes for output Virtual-1
[     5.382] (II) modeset(0): Modeline "1280x800"x75.0  107.30  1280 1600 1638 1728  800 804 808 828 -hsync -vsync (62.1 kHz eP)
[     5.382] (II) modeset(0): Modeline "5120x2160"x50.0  742.50  5120 6216 6304 6600  2160 2168 2178 2250 +hsync +vsync (112.5 kHz e)
[     5.382] (II) modeset(0): Modeline "4096x2160"x50.0  594.00  4096 5064 5152 5280  2160 2168 2178 2250 +hsync +vsync (112.5 kHz e)
[     5.382] (II) modeset(0): Modeline "3840x2160"x60.0  594.00  3840 4016 4104 4400  2160 2168 2178 2250 +hsync +vsync (135.0 kHz e)
[     5.382] (II) modeset(0): Modeline "3840x2160"x50.0  594.00  3840 4896 4984 5280  2160 2168 2178 2250 +hsync +vsync (112.5 kHz e)
[     5.382] (II) modeset(0): Modeline "3840x2160"x59.9  593.41  3840 4016 4104 4400  2160 2168 2178 2250 +hsync +vsync (134.9 kHz e)
[     5.382] (II) modeset(0): Modeline "1920x1440"x60.0  234.00  1920 2048 2256 2600  1440 1441 1444 1500 -hsync +vsync (90.0 kHz e)
[     5.382] (II) modeset(0): Modeline "2560x1080"x50.0  185.62  2560 3108 3152 3300  1080 1084 1089 1125 +hsync +vsync (56.2 kHz e)
[     5.382] (II) modeset(0): Modeline "1856x1392"x60.0  218.25  1856 1952 2176 2528  1392 1393 1396 1439 -hsync +vsync (86.3 kHz e)
[     5.382] (II) modeset(0): Modeline "1792x1344"x60.0  204.75  1792 1920 2120 2448  1344 1345 1348 1394 -hsync +vsync (83.6 kHz e)
[     5.382] (II) modeset(0): Modeline "2048x1152"x60.0  162.00  2048 2074 2154 2250  1152 1153 1156 1200 +hsync +vsync (72.0 kHz e)
[     5.382] (II) modeset(0): Modeline "1920x1200"x59.9  193.25  1920 2056 2256 2592  1200 1203 1209 1245 -hsync +vsync (74.6 kHz e)
[     5.382] (II) modeset(0): Modeline "1920x1080"x60.0  148.50  1920 2008 2052 2200  1080 1084 1089 1125 -hsync -vsync (67.5 kHz e)
[     5.382] (II) modeset(0): Modeline "1920x1080"x50.0  148.50  1920 2448 2492 2640  1080 1084 1089 1125 +hsync +vsync (56.2 kHz e)
[     5.382] (II) modeset(0): Modeline "1600x1200"x60.0  162.00  1600 1664 1856 2160  1200 1201 1204 1250 +hsync +vsync (75.0 kHz e)
[     5.382] (II) modeset(0): Modeline "1680x1050"x60.0  146.25  1680 1784 1960 2240  1050 1053 1059 1089 -hsync +vsync (65.3 kHz e)
[     5.382] (II) modeset(0): Modeline "1400x1050"x60.0  121.75  1400 1488 1632 1864  1050 1053 1057 1089 -hsync +vsync (65.3 kHz e)
[     5.382] (II) modeset(0): Modeline "1280x1024"x60.0  108.00  1280 1328 1440 1688  1024 1025 1028 1066 +hsync +vsync (64.0 kHz e)
[     5.382] (II) modeset(0): Modeline "1440x900"x59.9  106.50  1440 1520 1672 1904  900 903 909 934 -hsync +vsync (55.9 kHz e)
[     5.382] (II) modeset(0): Modeline "1280x960"x60.0  108.00  1280 1376 1488 1800  960 961 964 1000 +hsync +vsync (60.0 kHz e)
[     5.382] (II) modeset(0): Modeline "1360x768"x60.0   85.50  1360 1424 1536 1792  768 771 777 795 +hsync +vsync (47.7 kHz e)
[     5.382] (II) modeset(0): Modeline "1280x768"x59.9   79.50  1280 1344 1472 1664  768 771 778 798 -hsync +vsync (47.8 kHz e)
[     5.382] (II) modeset(0): Modeline "1024x768"x60.0   65.00  1024 1048 1184 1344  768 771 777 806 -hsync -vsync (48.4 kHz e)
[     5.382] (II) modeset(0): Modeline "800x600"x60.3   40.00  800 840 968 1056  600 601 605 628 +hsync +vsync (37.9 kHz e)
[     5.382] (II) modeset(0): Modeline "640x480"x60.0   25.20  640 656 752 800  480 490 492 525 -hsync -vsync (31.5 kHz e)
[     5.382] (II) modeset(0): Modeline "640x480"x59.9   25.18  640 656 752 800  480 490 492 525 -hsync -vsync (31.5 kHz e)
[     5.382] (II) modeset(0): Output Virtual-1 connected
[     5.382] (II) modeset(0): Using exact sizes for initial modes
[     5.382] (II) modeset(0): Output Virtual-1 using initial mode 1280x800 +0+0
[     5.382] (==) modeset(0): Using gamma correction (1.0, 1.0, 1.0)
[     5.382] (==) modeset(0): DPI set to (96, 96)
[     5.382] (II) Loading sub module "fb"
[     5.382] (II) LoadModule: "fb"
[     5.382] (II) Module "fb" already built-in
[     5.383] (==) modeset(0): Backing store enabled
[     5.383] (==) modeset(0): Silken mouse enabled
[     5.383] (II) modeset(0): Initializing kms color map for depth 24, 8 bpc.
[     5.383] (==) modeset(0): DPMS enabled
[     5.383] (II) Initializing extension Generic Event Extension
[     5.384] (II) Initializing extension SHAPE
[     5.384] (II) Initializing extension MIT-SHM
[     5.384] (II) Initializing extension XInputExtension
[     5.384] (II) Initializing extension XTEST
[     5.384] (II) Initializing extension BIG-REQUESTS
[     5.384] (II) Initializing extension SYNC
[     5.384] (II) Initializing extension XKEYBOARD
[     5.384] (II) Initializing extension XC-MISC
[     5.384] (II) Initializing extension SECURITY
[     5.385] (II) Initializing extension XFIXES
[     5.385] (II) Initializing extension RENDER
[     5.385] (II) Initializing extension RANDR
[     5.385] (II) Initializing extension COMPOSITE
[     5.385] (II) Initializing extension DAMAGE
[     5.385] (II) Initializing extension MIT-SCREEN-SAVER
[     5.385] (II) Initializing extension DOUBLE-BUFFER
[     5.385] (II) Initializing extension RECORD
[     5.385] (II) Initializing extension DPMS
[     5.385] (II) Initializing extension Present
[     5.385] (II) Initializing extension DRI3
[     5.385] (II) Initializing extension X-Resource
[     5.385] (II) Initializing extension XVideo
[     5.386] (II) Initializing extension XVideo-MotionCompensation
[     5.386] (II) Initializing extension GLX
[     5.386] (II) AIGLX: Screen 0 is not DRI2 capable
[     5.389] (II) IGLX: Loaded and initialized swrast
[     5.389] (II) GLX: Initialized DRISWRAST GL provider for screen 0
[     5.389] (II) Initializing extension XFree86-VidModeExtension
[     5.389] (II) Initializing extension XFree86-DGA
[     5.389] (II) Initializing extension XFree86-DRI
[     5.389] (II) Initializing extension DRI2
[     5.390] (II) modeset(0): Damage tracking initialized
[     5.390] (II) modeset(0): Setting screen physical size to 338 x 211
[     5.423] (II) config/udev: Adding input device Power Button (/dev/input/event0)
[     5.423] (**) Power Button: Applying InputClass "libinput keyboard catchall"
[     5.423] (II) LoadModule: "libinput"
[     5.424] (II) Loading /usr/lib/xorg/modules/input/libinput_drv.so
[     5.425] (II) Module libinput: vendor="X.Org Foundation"
[     5.425] 	compiled for 1.21.1.3, module version = 1.2.1
[     5.425] 	Module class: X.Org XInput Driver
[     5.425] 	ABI class: X.Org XInput driver, version 24.4
[     5.425] (II) Using input driver 'libinput' for 'Power Button'
[     5.426] (II) systemd-logind: got fd for /dev/input/event0 13:64 fd 21 paused 0
[     5.426] (**) Power Button: always reports core events
[     5.426] (**) Option "Device" "/dev/input/event0"
[     5.431] (II) event0  - Power Button: is tagged by udev as: Keyboard
[     5.431] (II) event0  - Power Button: device is a keyboard
[     5.431] (II) event0  - Power Button: device removed
[     5.431] (**) Option "config_info" "udev:/sys/devices/LNXSYSTM:00/LNXPWRBN:00/input/input0/event0"
[     5.431] (II) XINPUT: Adding extended input device "Power Button" (type: KEYBOARD, id 6)
[     5.432] (II) event0  - Power Button: is tagged by udev as: Keyboard
[     5.432] (II) event0  - Power Button: device is a keyboard
[     5.432] (II) config/udev: Adding input device QEMU QEMU USB Tablet (/dev/input/event2)
[     5.432] (**) QEMU QEMU USB Tablet: Applying InputClass "libinput pointer catchall"
[     5.432] (II) Using input driver 'libinput' for 'QEMU QEMU USB Tablet'
[     5.600] (II) systemd-logind: got fd for /dev/input/event2 13:66 fd 24 paused 0
[     5.600] (**) QEMU QEMU USB Tablet: always reports core events
[     5.600] (**) Option "Device" "/dev/input/event2"
[     5.603] (II) event2  - QEMU QEMU USB Tablet: is tagged by udev as: Mouse
[     5.603] (II) event2  - QEMU QEMU USB Tablet: device is a pointer
[     5.604] (II) event2  - QEMU QEMU USB Tablet: device removed
[     5.604] (**) Option "config_info" "udev:/sys/devices/pci0000:00/0000:00:02.1/0000:02:00.0/usb1/1-1/1-1:1.0/0003:0627:0001.0001/input/input3/event2"
[     5.604] (II) XINPUT: Adding extended input device "QEMU QEMU USB Tablet" (type: MOUSE, id 7)
[     5.604] (**) Option "AccelerationScheme" "none"
[     5.604] (**) QEMU QEMU USB Tablet: (accel) selected scheme none/0
[     5.604] (**) QEMU QEMU USB Tablet: (accel) acceleration factor: 2.000
[     5.604] (**) QEMU QEMU USB Tablet: (accel) acceleration threshold: 4
[     5.606] (II) event2  - QEMU QEMU USB Tablet: is tagged by udev as: Mouse
[     5.607] (II) event2  - QEMU QEMU USB Tablet: device is a pointer
[     5.608] (II) config/udev: Adding input device QEMU QEMU USB Tablet (/dev/input/mouse0)
[     5.608] (II) No input driver specified, ignoring this device.
[     5.608] (II) This device may have been added with another device file.
[     5.609] (II) config/udev: Adding input device AT Translated Set 2 keyboard (/dev/input/event1)
[     5.609] (**) AT Translated Set 2 keyboard: Applying InputClass "libinput keyboard catchall"
[     5.609] (II) Using input driver 'libinput' for 'AT Translated Set 2 keyboard'
[     5.610] (II) systemd-logind: got fd for /dev/input/event1 13:65 fd 25 paused 0
[     5.610] (**) AT Translated Set 2 keyboard: always reports core events
[     5.610] (**) Option "Device" "/dev/input/event1"
[     5.612] (II) event1  - AT Translated Set 2 keyboard: is tagged by udev as: Keyboard
[     5.612] (II) event1  - AT Translated Set 2 keyboard: device is a keyboard
[     5.612] (II) event1  - AT Translated Set 2 keyboard: device removed
[     5.612] (**) Option "config_info" "udev:/sys/devices/platform/i8042/serio0/input/input1/event1"
[     5.612] (II) XINPUT: Adding extended input device "AT Translated Set 2 keyboard" (type: KEYBOARD, id 8)
[     5.614] (II) event1  - AT Translated Set 2 keyboard: is tagged by udev as: Keyboard
[     5.614] (II) event1  - AT Translated Set 2 keyboard: device is a keyboard
[     5.616] (II) config/udev: Adding input device ImExPS/2 Generic Explorer Mouse (/dev/input/event4)
[     5.616] (**) ImExPS/2 Generic Explorer Mouse: Applying InputClass "libinput pointer catchall"
[     5.616] (II) Using input driver 'libinput' for 'ImExPS/2 Generic Explorer Mouse'
[     5.617] (II) systemd-logind: got fd for /dev/input/event4 13:68 fd 26 paused 0
[     5.617] (**) ImExPS/2 Generic Explorer Mouse: always reports core events
[     5.617] (**) Option "Device" "/dev/input/event4"
[     5.618] (II) event4  - ImExPS/2 Generic Explorer Mouse: is tagged by udev as: Mouse
[     5.618] (II) event4  - ImExPS/2 Generic Explorer Mouse: device is a pointer
[     5.619] (II) event4  - ImExPS/2 Generic Explorer Mouse: device removed
[     5.619] (**) Option "config_info" "udev:/sys/devices/platform/i8042/serio1/input/input5/event4"
[     5.619] (II) XINPUT: Adding extended input device "ImExPS/2 Generic Explorer Mouse" (type: MOUSE, id 9)
[     5.619] (**) Option "AccelerationScheme" "none"
[     5.619] (**) ImExPS/2 Generic Explorer Mouse: (accel) selected scheme none/0
[     5.619] (**) ImExPS/2 Generic Explorer Mouse: (accel) acceleration factor: 2.000
[     5.619] (**) ImExPS/2 Generic Explorer Mouse: (accel) acceleration threshold: 4
[     5.620] (II) event4  - ImExPS/2 Generic Explorer Mouse: is tagged by udev as: Mouse
[     5.621] (II) event4  - ImExPS/2 Generic Explorer Mouse: device is a pointer
[     5.622] (II) config/udev: Adding input device ImExPS/2 Generic Explorer Mouse (/dev/input/mouse1)
[     5.622] (II) No input driver specified, ignoring this device.
[     5.622] (II) This device may have been added with another device file.
[     5.622] (II) config/udev: Adding input device PC Speaker (/dev/input/event3)
[     5.622] (II) No input driver specified, ignoring this device.
[     5.622] (II) This device may have been added with another device file.
[     5.772] (II) modeset(0): EDID vendor "RHT", prod id 4660
[     5.772] (II) modeset(0): Using EDID range info for horizontal sync
[     5.772] (II) modeset(0): Using EDID range info for vertical refresh
[     5.772] (II) modeset(0): Printing DDC gathered Modelines:
[     5.772] (II) modeset(0): Modeline "1280x800"x0.0  107.30  1280 1600 1638 1728  800 804 808 828 -hsync -vsync (62.1 kHz eP)
[     5.772] (II) modeset(0): Modeline "1280x768"x0.0   79.50  1280 1344 1472 1664  768 771 778 798 -hsync +vsync (47.8 kHz e)
[     5.772] (II) modeset(0): Modeline "1360x768"x0.0   85.50  1360 1424 1536 1792  768 771 777 795 +hsync +vsync (47.7 kHz e)
[     5.772] (II) modeset(0): Modeline "1400x1050"x0.0  121.75  1400 1488 1632 1864  1050 1053 1057 1089 -hsync +vsync (65.3 kHz e)
[     5.772] (II) modeset(0): Modeline "1792x1344"x0.0  204.75  1792 1920 2120 2448  1344 1345 1348 1394 -hsync +vsync (83.6 kHz e)
[     5.772] (II) modeset(0): Modeline "1856x1392"x0.0  218.25  1856 1952 2176 2528  1392 1393 1396 1439 -hsync +vsync (86.3 kHz e)
[     5.772] (II) modeset(0): Modeline "1920x1440"x0.0  234.00  1920 2048 2256 2600  1440 1441 1444 1500 -hsync +vsync (90.0 kHz e)
[     5.772] (II) modeset(0): Modeline "1920x1080"x0.0  148.50  1920 2448 2492 2640  1080 1084 1089 1125 +hsync +vsync (56.2 kHz e)
[     5.772] (II) modeset(0): Modeline "800x600"x0.0   40.00  800 840 968 1056  600 601 605 628 +hsync +vsync (37.9 kHz e)
[     5.772] (II) modeset(0): Modeline "640x480"x0.0   25.18  640 656 752 800  480 490 492 525 -hsync -vsync (31.5 kHz e)
[     5.772] (II) modeset(0): Modeline "1024x768"x0.0   65.00  1024 1048 1184 1344  768 771 777 806 -hsync -vsync (48.4 kHz e)
[     5.772] (II) modeset(0): Modeline "2048x1152"x60.0  197.97  2048 2184 2408 2768  1152 1153 1156 1192 -hsync +vsync (71.5 kHz e)
[     5.772] (II) modeset(0): Modeline "1920x1080"x60.0  172.80  1920 2040 2248 2576  1080 1081 1084 1118 -hsync +vsync (67.1 kHz e)
[     5.772] (II) modeset(0): Modeline "1920x1200"x0.0  193.25  1920 2056 2256 2592  1200 1203 1209 1245 -hsync +vsync (74.6 kHz e)
[     5.772] (II) modeset(0): Modeline "1600x1200"x0.0  162.00  1600 1664 1856 2160  1200 1201 1204 1250 +hsync +vsync (75.0 kHz e)
[     5.772] (II) modeset(0): Modeline "1680x1050"x0.0  146.25  1680 1784 1960 2240  1050 1053 1059 1089 -hsync +vsync (65.3 kHz e)
[     5.772] (II) modeset(0): Modeline "1440x900"x0.0  106.50  1440 1520 1672 1904  900 903 909 934 -hsync +vsync (55.9 kHz e)
[     5.772] (II) modeset(0): Modeline "1280x1024"x0.0  108.00  1280 1328 1440 1688  1024 1025 1028 1066 +hsync +vsync (64.0 kHz e)
[     5.772] (II) modeset(0): Modeline "1280x960"x0.0  108.00  1280 1376 1488 1800  960 961 964 1000 +hsync +vsync (60.0 kHz e)
[     5.773] (II) modeset(0): Allocate new frame buffer 1920x1080 stride
[     5.828] (II) modeset(0): EDID vendor "RHT", prod id 4660
[     5.828] (II) modeset(0): Using hsync ranges from config file
[     5.828] (II) modeset(0): Using vrefresh ranges from config file
[     5.828] (II) modeset(0): Printing DDC gathered Modelines:
[     5.828] (II) modeset(0): Modeline "1280x800"x0.0  107.30  1280 1600 1638 1728  800 804 808 828 -hsync -vsync (62.1 kHz eP)
[     5.828] (II) modeset(0): Modeline "1280x768"x0.0   79.50  1280 1344 1472 1664  768 771 778 798 -hsync +vsync (47.8 kHz e)
[     5.828] (II) modeset(0): Modeline "1360x768"x0.0   85.50  1360 1424 1536 1792  768 771 777 795 +hsync +vsync (47.7 kHz e)
[     5.828] (II) modeset(0): Modeline "1400x1050"x0.0  121.75  1400 1488 1632 1864  1050 1053 1057 1089 -hsync +vsync (65.3 kHz e)
[     5.828] (II) modeset(0): Modeline "1792x1344"x0.0  204.75  1792 1920 2120 2448  1344 1345 1348 1394 -hsync +vsync (83.6 kHz e)
[     5.828] (II) modeset(0): Modeline "1856x1392"x0.0  218.25  1856 1952 2176 2528  1392 1393 1396 1439 -hsync +vsync (86.3 kHz e)
[     5.828] (II) modeset(0): Modeline "1920x1440"x0.0  234.00  1920 2048 2256 2600  1440 1441 1444 1500 -hsync +vsync (90.0 kHz e)
[     5.828] (II) modeset(0): Modeline "1920x1080"x0.0  148.50  1920 2448 2492 2640  1080 1084 1089 1125 +hsync +vsync (56.2 kHz e)
[     5.828] (II) modeset(0): Modeline "800x600"x0.0   40.00  800 840 968 1056  600 601 605 628 +hsync +vsync (37.9 kHz e)
[     5.828] (II) modeset(0): Modeline "640x480"x0.0   25.18  640 656 752 800  480 490 492 525 -hsync -vsync (31.5 kHz e)
[     5.828] (II) modeset(0): Modeline "1024x768"x0.0   65.00  1024 1048 1184 1344  768 771 777 806 -hsync -vsync (48.4 kHz e)
[     5.828] (II) modeset(0): Modeline "2048x1152"x60.0  197.97  2048 2184 2408 2768  1152 1153 1156 1192 -hsync +vsync (71.5 kHz e)
[     5.828] (II) modeset(0): Modeline "1920x1080"x60.0  172.80  1920 2040 2248 2576  1080 1081 1084 1118 -hsync +vsync (67.1 kHz e)
[     5.828] (II) modeset(0): Modeline "1920x1200"x0.0  193.25  1920 2056 2256 2592  1200 1203 1209 1245 -hsync +vsync (74.6 kHz e)
[     5.828] (II) modeset(0): Modeline "1600x1200"x0.0  162.00  1600 1664 1856 2160  1200 1201 1204 1250 +hsync +vsync (75.0 kHz e)
[     5.828] (II) modeset(0): Modeline "1680x1050"x0.0  146.25  1680 1784 1960 2240  1050 1053 1059 1089 -hsync +vsync (65.3 kHz e)
[     5.828] (II) modeset(0): Modeline "1440x900"x0.0  106.50  1440 1520 1672 1904  900 903 909 934 -hsync +vsync (55.9 kHz e)
[     5.828] (II) modeset(0): Modeline "1280x1024"x0.0  108.00  1280 1328 1440 1688  1024 1025 1028 1066 +hsync +vsync (64.0 kHz e)
[     5.829] (II) modeset(0): Modeline "1280x960"x0.0  108.00  1280 1376 1488 1800  960 961 964 1000 +hsync +vsync (60.0 kHz e)
[     5.830] (II) modeset(0): EDID vendor "RHT", prod id 4660
[     5.830] (II) modeset(0): Using hsync ranges from config file
[     5.830] (II) modeset(0): Using vrefresh ranges from config file
[     5.830] (II) modeset(0): Printing DDC gathered Modelines:
[     5.830] (II) modeset(0): Modeline "1280x800"x0.0  107.30  1280 1600 1638 1728  800 804 808 828 -hsync -vsync (62.1 kHz eP)
[     5.830] (II) modeset(0): Modeline "1280x768"x0.0   79.50  1280 1344 1472 1664  768 771 778 798 -hsync +vsync (47.8 kHz e)
[     5.830] (II) modeset(0): Modeline "1360x768"x0.0   85.50  1360 1424 1536 1792  768 771 777 795 +hsync +vsync (47.7 kHz e)
[     5.830] (II) modeset(0): Modeline "1400x1050"x0.0  121.75  1400 1488 1632 1864  1050 1053 1057 1089 -hsync +vsync (65.3 kHz e)
[     5.830] (II) modeset(0): Modeline "1792x1344"x0.0  204.75  1792 1920 2120 2448  1344 1345 1348 1394 -hsync +vsync (83.6 kHz e)
[     5.830] (II) modeset(0): Modeline "1856x1392"x0.0  218.25  1856 1952 2176 2528  1392 1393 1396 1439 -hsync +vsync (86.3 kHz e)
[     5.830] (II) modeset(0): Modeline "1920x1440"x0.0  234.00  1920 2048 2256 2600  1440 1441 1444 1500 -hsync +vsync (90.0 kHz e)
[     5.830] (II) modeset(0): Modeline "1920x1080"x0.0  148.50  1920 2448 2492 2640  1080 1084 1089 1125 +hsync +vsync (56.2 kHz e)
[     5.830] (II) modeset(0): Modeline "800x600"x0.0   40.00  800 840 968 1056  600 601 605 628 +hsync +vsync (37.9 kHz e)
[     5.830] (II) modeset(0): Modeline "640x480"x0.0   25.18  640 656 752 800  480 490 492 525 -hsync -vsync (31.5 kHz e)
[     5.830] (II) modeset(0): Modeline "1024x768"x0.0   65.00  1024 1048 1184 1344  768 771 777 806 -hsync -vsync (48.4 kHz e)
[     5.830] (II) modeset(0): Modeline "2048x1152"x60.0  197.97  2048 2184 2408 2768  1152 1153 1156 1192 -hsync +vsync (71.5 kHz e)
[     5.830] (II) modeset(0): Modeline "1920x1080"x60.0  172.80  1920 2040 2248 2576  1080 1081 1084 1118 -hsync +vsync (67.1 kHz e)
[     5.830] (II) modeset(0): Modeline "1920x1200"x0.0  193.25  1920 2056 2256 2592  1200 1203 1209 1245 -hsync +vsync (74.6 kHz e)
[     5.830] (II) modeset(0): Modeline "1600x1200"x0.0  162.00  1600 1664 1856 2160  1200 1201 1204 1250 +hsync +vsync (75.0 kHz e)
[     5.830] (II) modeset(0): Modeline "1680x1050"x0.0  146.25  1680 1784 1960 2240  1050 1053 1059 1089 -hsync +vsync (65.3 kHz e)
[     5.830] (II) modeset(0): Modeline "1440x900"x0.0  106.50  1440 1520 1672 1904  900 903 909 934 -hsync +vsync (55.9 kHz e)
[     5.830] (II) modeset(0): Modeline "1280x1024"x0.0  108.00  1280 1328 1440 1688  1024 1025 1028 1066 +hsync +vsync (64.0 kHz e)
[     5.830] (II) modeset(0): Modeline "1280x960"x0.0  108.00  1280 1376 1488 1800  960 961 964 1000 +hsync +vsync (60.0 kHz e)
[     5.850] (II) modeset(0): EDID vendor "RHT", prod id 4660
[     5.850] (II) modeset(0): Using hsync ranges from config file
[     5.850] (II) modeset(0): Using vrefresh ranges from config file
[     5.850] (II) modeset(0): Printing DDC gathered Modelines:
[     5.850] (II) modeset(0): Modeline "1280x800"x0.0  107.30  1280 1600 1638 1728  800 804 808 828 -hsync -vsync (62.1 kHz eP)
[     5.850] (II) modeset(0): Modeline "1280x768"x0.0   79.50  1280 1344 1472 1664  768 771 778 798 -hsync +vsync (47.8 kHz e)
[     5.850] (II) modeset(0): Modeline "1360x768"x0.0   85.50  1360 1424 1536 1792  768 771 777 795 +hsync +vsync (47.7 kHz e)
[     5.850] (II) modeset(0): Modeline "1400x1050"x0.0  121.75  1400 1488 1632 1864  1050 1053 1057 1089 -hsync +vsync (65.3 kHz e)
[     5.850] (II) modeset(0): Modeline "1792x1344"x0.0  204.75  1792 1920 2120 2448  1344 1345 1348 1394 -hsync +vsync (83.6 kHz e)
[     5.850] (II) modeset(0): Modeline "1856x1392"x0.0  218.25  1856 1952 2176 2528  1392 1393 1396 1439 -hsync +vsync (86.3 kHz e)
[     5.850] (II) modeset(0): Modeline "1920x1440"x0.0  234.00  1920 2048 2256 2600  1440 1441 1444 1500 -hsync +vsync (90.0 kHz e)
[     5.850] (II) modeset(0): Modeline "1920x1080"x0.0  148.50  1920 2448 2492 2640  1080 1084 1089 1125 +hsync +vsync (56.2 kHz e)
[     5.850] (II) modeset(0): Modeline "800x600"x0.0   40.00  800 840 968 1056  600 601 605 628 +hsync +vsync (37.9 kHz e)
[     5.850] (II) modeset(0): Modeline "640x480"x0.0   25.18  640 656 752 800  480 490 492 525 -hsync -vsync (31.5 kHz e)
[     5.850] (II) modeset(0): Modeline "1024x768"x0.0   65.00  1024 1048 1184 1344  768 771 777 806 -hsync -vsync (48.4 kHz e)
[     5.850] (II) modeset(0): Modeline "2048x1152"x60.0  197.97  2048 2184 2408 2768  1152 1153 1156 1192 -hsync +vsync (71.5 kHz e)
[     5.850] (II) modeset(0): Modeline "1920x1080"x60.0  172.80  1920 2040 2248 2576  1080 1081 1084 1118 -hsync +vsync (67.1 kHz e)
[     5.850] (II) modeset(0): Modeline "1920x1200"x0.0  193.25  1920 2056 2256 2592  1200 1203 1209 1245 -hsync +vsync (74.6 kHz e)
[     5.850] (II) modeset(0): Modeline "1600x1200"x0.0  162.00  1600 1664 1856 2160  1200 1201 1204 1250 +hsync +vsync (75.0 kHz e)
[     5.850] (II) modeset(0): Modeline "1680x1050"x0.0  146.25  1680 1784 1960 2240  1050 1053 1059 1089 -hsync +vsync (65.3 kHz e)
[     5.850] (II) modeset(0): Modeline "1440x900"x0.0  106.50  1440 1520 1672 1904  900 903 909 934 -hsync +vsync (55.9 kHz e)
[     5.850] (II) modeset(0): Modeline "1280x1024"x0.0  108.00  1280 1328 1440 1688  1024 1025 1028 1066 +hsync +vsync (64.0 kHz e)
[     5.850] (II) modeset(0): Modeline "1280x960"x0.0  108.00  1280 1376 1488 1800  960 961 964 1000 +hsync +vsync (60.0 kHz e)
